

/******************************************************************************************
* WriteStepFile diagnostics.
* Date:                           Mon Apr 20 13:34:55 2020 
* Produced by:                    The EXPRESS Data Manager Version 5.02.0100.07 : 28 Aug 2013
* Module:                         EDMstepFileFactory/EDMstandAlone
* Host:                           DESKTOP-7KO8RJJ
* Database:                       C:\Users\nkayf\AppData\Local\Temp\89ae23f0-2427-4b58-a28c-ef959e98b5a3\ac803889-5d20-4347-9b59-cd5e9bec9786\ifc
* Database version:               5507
* Database creation date:         Mon Apr 20 13:34:37 2020
* Model:                          DataRepository.ifc
* Model creation date:            Mon Apr 20 13:34:38 2020
* Header model:                   DataRepository.ifc_HeaderModel
* Header model creation date:     Mon Apr 20 13:34:38 2020
* Step file:                      sample1.ifc
* EDMuser:                        sdai-user
* EDMgroup:                       sdai-group
* License ID and type:            5605 : Permanent license. Expiry date: 
* EDMstepFileFactory options:     020000
******************************************************************************************/


------------------------------------------------------------------------------------------------
Operation terminated successfully.
------------------------------------------------------------------------------------------------

