

/******************************************************************************************
* WriteStepFile diagnostics.
* Date:                           Mon Apr 20 11:53:50 2020 
* Produced by:                    The EXPRESS Data Manager Version 5.02.0100.07 : 28 Aug 2013
* Module:                         EDMstepFileFactory/EDMstandAlone
* Host:                           DESKTOP-7KO8RJJ
* Database:                       C:\Users\nkayf\AppData\Local\Temp\89ae23f0-2427-4b58-a28c-ef959e98b5a3\2c5677d3-b829-4c63-a282-73c208dffadd\ifc
* Database version:               5507
* Database creation date:         Mon Apr 20 11:53:44 2020
* Model:                          DataRepository.ifc
* Model creation date:            Mon Apr 20 11:53:45 2020
* Header model:                   DataRepository.ifc_HeaderModel
* Header model creation date:     Mon Apr 20 11:53:45 2020
* Step file:                      wall.ifc
* EDMuser:                        sdai-user
* EDMgroup:                       sdai-group
* License ID and type:            5605 : Permanent license. Expiry date: 
* EDMstepFileFactory options:     020000
******************************************************************************************/


------------------------------------------------------------------------------------------------
Operation terminated successfully.
------------------------------------------------------------------------------------------------

